<?xml version="1.0" encoding="UTF-8"?>
<coverage generated="1664391066258" clover="3.2.0">
  <project timestamp="1664391066258" name="All files">
    <metrics statements="29" coveredstatements="29" conditionals="30" coveredconditionals="30" methods="6" coveredmethods="6" elements="65" coveredelements="65" complexity="0" loc="29" ncloc="29" packages="1" files="2" classes="2"/>
    <file name="constants.ts" path="/Users/samsimson/Development/uplers/node-backend/src/constants.ts">
      <metrics statements="3" coveredstatements="3" conditionals="0" coveredconditionals="0" methods="0" coveredmethods="0"/>
      <line num="1" count="1" type="stmt"/>
      <line num="10" count="1" type="stmt"/>
      <line num="19" count="1" type="stmt"/>
    </file>
    <file name="main.ts" path="/Users/samsimson/Development/uplers/node-backend/src/main.ts">
      <metrics statements="26" coveredstatements="26" conditionals="30" coveredconditionals="30" methods="6" coveredmethods="6"/>
      <line num="1" count="1" type="stmt"/>
      <line num="2" count="1" type="stmt"/>
      <line num="10" count="1" type="stmt"/>
      <line num="14" count="14" type="stmt"/>
      <line num="18" count="13" type="stmt"/>
      <line num="19" count="13" type="stmt"/>
      <line num="20" count="13" type="stmt"/>
      <line num="24" count="36" type="cond" truecount="2" falsecount="0"/>
      <line num="25" count="2" type="cond" truecount="2" falsecount="0"/>
      <line num="26" count="34" type="cond" truecount="4" falsecount="0"/>
      <line num="27" count="10" type="cond" truecount="2" falsecount="0"/>
      <line num="28" count="24" type="cond" truecount="4" falsecount="0"/>
      <line num="29" count="6" type="cond" truecount="2" falsecount="0"/>
      <line num="30" count="18" type="cond" truecount="4" falsecount="0"/>
      <line num="31" count="14" type="cond" truecount="2" falsecount="0"/>
      <line num="32" count="4" type="cond" truecount="4" falsecount="0"/>
      <line num="33" count="2" type="cond" truecount="2" falsecount="0"/>
      <line num="35" count="2" type="cond" truecount="2" falsecount="0"/>
      <line num="40" count="2" type="stmt"/>
      <line num="41" count="12" type="stmt"/>
      <line num="42" count="12" type="stmt"/>
      <line num="43" count="12" type="stmt"/>
      <line num="44" count="12" type="stmt"/>
      <line num="53" count="1" type="stmt"/>
      <line num="54" count="1" type="stmt"/>
      <line num="55" count="1" type="stmt"/>
    </file>
  </project>
</coverage>
