{"/Users/samsimson/Development/uplers/node-backend/src/constants.ts": {"path":"/Users/samsimson/Development/uplers/node-backend/src/constants.ts","statementMap":{"0":{"start":{"line":1,"column":13},"end":{"line":8,"column":2}},"1":{"start":{"line":10,"column":13},"end":{"line":17,"column":2}},"2":{"start":{"line":19,"column":13},"end":{"line":50,"column":2}}},"fnMap":{},"branchMap":{},"s":{"0":1,"1":1,"2":1},"f":{},"b":{}}
,"/Users/samsimson/Development/uplers/node-backend/src/main.ts": {"path":"/Users/samsimson/Development/uplers/node-backend/src/main.ts","statementMap":{"0":{"start":{"line":1,"column":0},"end":{"line":1,"column":45}},"1":{"start":{"line":2,"column":0},"end":{"line":2,"column":31}},"2":{"start":{"line":14,"column":8},"end":{"line":14,"column":25}},"3":{"start":{"line":18,"column":24},"end":{"line":18,"column":51}},"4":{"start":{"line":19,"column":20},"end":{"line":19,"column":48}},"5":{"start":{"line":20,"column":8},"end":{"line":20,"column":30}},"6":{"start":{"line":24,"column":8},"end":{"line":36,"column":null}},"7":{"start":{"line":25,"column":12},"end":{"line":25,"column":78}},"8":{"start":{"line":26,"column":15},"end":{"line":36,"column":null}},"9":{"start":{"line":27,"column":12},"end":{"line":27,"column":69}},"10":{"start":{"line":28,"column":15},"end":{"line":36,"column":null}},"11":{"start":{"line":29,"column":12},"end":{"line":29,"column":78}},"12":{"start":{"line":30,"column":15},"end":{"line":36,"column":null}},"13":{"start":{"line":31,"column":12},"end":{"line":31,"column":74}},"14":{"start":{"line":32,"column":15},"end":{"line":36,"column":null}},"15":{"start":{"line":33,"column":12},"end":{"line":33,"column":65}},"16":{"start":{"line":35,"column":12},"end":{"line":35,"column":75}},"17":{"start":{"line":40,"column":8},"end":{"line":49,"column":11}},"18":{"start":{"line":41,"column":24},"end":{"line":41,"column":75}},"19":{"start":{"line":42,"column":32},"end":{"line":42,"column":68}},"20":{"start":{"line":43,"column":31},"end":{"line":43,"column":63}},"21":{"start":{"line":44,"column":12},"end":{"line":48,"column":14}},"22":{"start":{"line":10,"column":0},"end":{"line":10,"column":13}},"23":{"start":{"line":53,"column":19},"end":{"line":53,"column":38}},"24":{"start":{"line":54,"column":15},"end":{"line":54,"column":44}},"25":{"start":{"line":55,"column":0},"end":{"line":55,"column":22}}},"fnMap":{"0":{"name":"(anonymous_1)","decl":{"start":{"line":11,"column":4},"end":{"line":11,"column":19}},"loc":{"start":{"line":11,"column":4},"end":{"line":11,"column":20}}},"1":{"name":"(anonymous_2)","decl":{"start":{"line":13,"column":12},"end":{"line":13,"column":26}},"loc":{"start":{"line":13,"column":38},"end":{"line":15,"column":5}}},"2":{"name":"(anonymous_3)","decl":{"start":{"line":17,"column":12},"end":{"line":17,"column":28}},"loc":{"start":{"line":17,"column":59},"end":{"line":21,"column":5}}},"3":{"name":"(anonymous_4)","decl":{"start":{"line":23,"column":12},"end":{"line":23,"column":18}},"loc":{"start":{"line":23,"column":44},"end":{"line":37,"column":5}}},"4":{"name":"(anonymous_5)","decl":{"start":{"line":39,"column":11},"end":{"line":39,"column":23}},"loc":{"start":{"line":39,"column":42},"end":{"line":50,"column":5}}},"5":{"name":"(anonymous_6)","decl":{"start":{"line":40,"column":26},"end":{"line":40,"column":27}},"loc":{"start":{"line":40,"column":35},"end":{"line":49,"column":9}}}},"branchMap":{"0":{"loc":{"start":{"line":24,"column":8},"end":{"line":36,"column":null}},"type":"if","locations":[{"start":{"line":24,"column":8},"end":{"line":36,"column":null}},{"start":{"line":26,"column":15},"end":{"line":36,"column":null}}]},"1":{"loc":{"start":{"line":25,"column":19},"end":{"line":25,"column":77}},"type":"cond-expr","locations":[{"start":{"line":25,"column":37},"end":{"line":25,"column":54}},{"start":{"line":25,"column":57},"end":{"line":25,"column":77}}]},"2":{"loc":{"start":{"line":26,"column":15},"end":{"line":36,"column":null}},"type":"if","locations":[{"start":{"line":26,"column":15},"end":{"line":36,"column":null}},{"start":{"line":28,"column":15},"end":{"line":36,"column":null}}]},"3":{"loc":{"start":{"line":26,"column":19},"end":{"line":26,"column":42}},"type":"binary-expr","locations":[{"start":{"line":26,"column":19},"end":{"line":26,"column":30}},{"start":{"line":26,"column":34},"end":{"line":26,"column":42}}]},"4":{"loc":{"start":{"line":27,"column":19},"end":{"line":27,"column":68}},"type":"cond-expr","locations":[{"start":{"line":27,"column":37},"end":{"line":27,"column":50}},{"start":{"line":27,"column":53},"end":{"line":27,"column":68}}]},"5":{"loc":{"start":{"line":28,"column":15},"end":{"line":36,"column":null}},"type":"if","locations":[{"start":{"line":28,"column":15},"end":{"line":36,"column":null}},{"start":{"line":30,"column":15},"end":{"line":36,"column":null}}]},"6":{"loc":{"start":{"line":28,"column":19},"end":{"line":28,"column":40}},"type":"binary-expr","locations":[{"start":{"line":28,"column":19},"end":{"line":28,"column":28}},{"start":{"line":28,"column":32},"end":{"line":28,"column":40}}]},"7":{"loc":{"start":{"line":29,"column":19},"end":{"line":29,"column":77}},"type":"cond-expr","locations":[{"start":{"line":29,"column":37},"end":{"line":29,"column":55}},{"start":{"line":29,"column":58},"end":{"line":29,"column":77}}]},"8":{"loc":{"start":{"line":30,"column":15},"end":{"line":36,"column":null}},"type":"if","locations":[{"start":{"line":30,"column":15},"end":{"line":36,"column":null}},{"start":{"line":32,"column":15},"end":{"line":36,"column":null}}]},"9":{"loc":{"start":{"line":30,"column":19},"end":{"line":30,"column":40}},"type":"binary-expr","locations":[{"start":{"line":30,"column":19},"end":{"line":30,"column":28}},{"start":{"line":30,"column":32},"end":{"line":30,"column":40}}]},"10":{"loc":{"start":{"line":31,"column":19},"end":{"line":31,"column":73}},"type":"cond-expr","locations":[{"start":{"line":31,"column":37},"end":{"line":31,"column":53}},{"start":{"line":31,"column":56},"end":{"line":31,"column":73}}]},"11":{"loc":{"start":{"line":32,"column":15},"end":{"line":36,"column":null}},"type":"if","locations":[{"start":{"line":32,"column":15},"end":{"line":36,"column":null}},{"start":{"line":34,"column":15},"end":{"line":36,"column":null}}]},"12":{"loc":{"start":{"line":32,"column":19},"end":{"line":32,"column":40}},"type":"binary-expr","locations":[{"start":{"line":32,"column":19},"end":{"line":32,"column":28}},{"start":{"line":32,"column":32},"end":{"line":32,"column":40}}]},"13":{"loc":{"start":{"line":33,"column":19},"end":{"line":33,"column":64}},"type":"cond-expr","locations":[{"start":{"line":33,"column":37},"end":{"line":33,"column":46}},{"start":{"line":33,"column":49},"end":{"line":33,"column":64}}]},"14":{"loc":{"start":{"line":35,"column":19},"end":{"line":35,"column":74}},"type":"cond-expr","locations":[{"start":{"line":35,"column":37},"end":{"line":35,"column":51}},{"start":{"line":35,"column":54},"end":{"line":35,"column":74}}]}},"s":{"0":1,"1":1,"2":14,"3":13,"4":13,"5":13,"6":36,"7":2,"8":34,"9":10,"10":24,"11":6,"12":18,"13":14,"14":4,"15":2,"16":2,"17":2,"18":12,"19":12,"20":12,"21":12,"22":1,"23":1,"24":1,"25":1},"f":{"0":17,"1":14,"2":13,"3":36,"4":2,"5":12},"b":{"0":[2,34],"1":[1,1],"2":[10,24],"3":[34,34],"4":[5,5],"5":[6,18],"6":[24,24],"7":[3,3],"8":[14,4],"9":[18,18],"10":[7,7],"11":[2,2],"12":[4,4],"13":[1,1],"14":[1,1]}}
}
