TN:
SF:src/constants.ts
FNF:0
FNH:0
DA:1,1
DA:10,1
DA:19,1
LF:3
LH:3
BRF:0
BRH:0
end_of_record
TN:
SF:src/main.ts
FN:11,(anonymous_1)
FN:13,(anonymous_2)
FN:17,(anonymous_3)
FN:23,(anonymous_4)
FN:39,(anonymous_5)
FN:40,(anonymous_6)
FNF:6
FNH:6
FNDA:17,(anonymous_1)
FNDA:14,(anonymous_2)
FNDA:13,(anonymous_3)
FNDA:36,(anonymous_4)
FNDA:2,(anonymous_5)
FNDA:12,(anonymous_6)
DA:1,1
DA:2,1
DA:10,1
DA:14,14
DA:18,13
DA:19,13
DA:20,13
DA:24,36
DA:25,2
DA:26,34
DA:27,10
DA:28,24
DA:29,6
DA:30,18
DA:31,14
DA:32,4
DA:33,2
DA:35,2
DA:40,2
DA:41,12
DA:42,12
DA:43,12
DA:44,12
DA:53,1
DA:54,1
DA:55,1
LF:26
LH:26
BRDA:24,0,0,2
BRDA:24,0,1,34
BRDA:25,1,0,1
BRDA:25,1,1,1
BRDA:26,2,0,10
BRDA:26,2,1,24
BRDA:26,3,0,34
BRDA:26,3,1,34
BRDA:27,4,0,5
BRDA:27,4,1,5
BRDA:28,5,0,6
BRDA:28,5,1,18
BRDA:28,6,0,24
BRDA:28,6,1,24
BRDA:29,7,0,3
BRDA:29,7,1,3
BRDA:30,8,0,14
BRDA:30,8,1,4
BRDA:30,9,0,18
BRDA:30,9,1,18
BRDA:31,10,0,7
BRDA:31,10,1,7
BRDA:32,11,0,2
BRDA:32,11,1,2
BRDA:32,12,0,4
BRDA:32,12,1,4
BRDA:33,13,0,1
BRDA:33,13,1,1
BRDA:35,14,0,1
BRDA:35,14,1,1
BRF:30
BRH:30
end_of_record
